[0716/171107.038:ERROR:settings.cc(320)] Settings magic is not 1129342067
[0716/171107.046:ERROR:crash_report_database_win.cc(428)] unexpected header
[0716/172107.062:ERROR:crash_report_database_win.cc(428)] unexpected header
[0716/172107.062:ERROR:crash_report_database_win.cc(428)] unexpected header
[0716/172607.047:ERROR:crash_report_database_win.cc(428)] unexpected header
[0716/174107.047:ERROR:crash_report_database_win.cc(428)] unexpected header
[0716/175607.047:ERROR:crash_report_database_win.cc(428)] unexpected header
[0716/181107.047:ERROR:crash_report_database_win.cc(428)] unexpected header
[0716/204700.322:ERROR:crash_report_database_win.cc(428)] unexpected header
[0716/210200.323:ERROR:crash_report_database_win.cc(428)] unexpected header
[0716/211700.323:ERROR:crash_report_database_win.cc(428)] unexpected header
[0716/213200.324:ERROR:crash_report_database_win.cc(428)] unexpected header
[0716/214700.325:ERROR:crash_report_database_win.cc(428)] unexpected header
[0716/220200.326:ERROR:crash_report_database_win.cc(428)] unexpected header
[0716/221700.327:ERROR:crash_report_database_win.cc(428)] unexpected header
[0716/223200.328:ERROR:crash_report_database_win.cc(428)] unexpected header
[0716/224700.334:ERROR:crash_report_database_win.cc(428)] unexpected header
[0717/082703.580:ERROR:crash_report_database_win.cc(428)] unexpected header
[0718/093240.645:ERROR:crash_report_database_win.cc(428)] unexpected header
[0718/144607.154:ERROR:crash_report_database_win.cc(428)] unexpected header
[0718/161050.703:ERROR:crash_report_database_win.cc(428)] unexpected header
[0718/162328.700:ERROR:crash_report_database_win.cc(428)] unexpected header
[0718/210411.265:ERROR:crash_report_database_win.cc(428)] unexpected header
[0718/211411.277:ERROR:crash_report_database_win.cc(428)] unexpected header
[0718/211411.277:ERROR:crash_report_database_win.cc(428)] unexpected header
[0718/211911.268:ERROR:crash_report_database_win.cc(428)] unexpected header
[0718/213411.275:ERROR:crash_report_database_win.cc(428)] unexpected header
[0718/214911.278:ERROR:crash_report_database_win.cc(428)] unexpected header
[0718/220411.283:ERROR:crash_report_database_win.cc(428)] unexpected header
[0718/221911.286:ERROR:crash_report_database_win.cc(428)] unexpected header
[0718/224405.374:ERROR:crash_report_database_win.cc(428)] unexpected header
[0718/225534.687:ERROR:crash_report_database_win.cc(428)] unexpected header
[0718/225907.421:ERROR:crash_report_database_win.cc(428)] unexpected header
[0718/230233.209:ERROR:crash_report_database_win.cc(428)] unexpected header
[0718/231407.596:ERROR:crash_report_database_win.cc(428)] unexpected header
[0718/232907.908:ERROR:crash_report_database_win.cc(428)] unexpected header
[0718/234407.914:ERROR:crash_report_database_win.cc(428)] unexpected header
[0718/235907.915:ERROR:crash_report_database_win.cc(428)] unexpected header
[0719/001407.930:ERROR:crash_report_database_win.cc(428)] unexpected header
[0719/002907.937:ERROR:crash_report_database_win.cc(428)] unexpected header
[0719/004335.020:ERROR:crash_report_database_win.cc(428)] unexpected header
[0719/004408.036:ERROR:crash_report_database_win.cc(428)] unexpected header
[0719/004940.258:ERROR:crash_report_database_win.cc(428)] unexpected header
[0719/005908.061:ERROR:crash_report_database_win.cc(428)] unexpected header
[0719/011408.090:ERROR:crash_report_database_win.cc(428)] unexpected header
[0719/012908.475:ERROR:crash_report_database_win.cc(428)] unexpected header
[0719/014408.480:ERROR:crash_report_database_win.cc(428)] unexpected header
[0719/015908.480:ERROR:crash_report_database_win.cc(428)] unexpected header
[0719/081818.042:ERROR:crash_report_database_win.cc(428)] unexpected header
[0719/091549.241:ERROR:crash_report_database_win.cc(428)] unexpected header
[0727/155618.899:ERROR:process_reader_win.cc(151)] SuspendThread: Access is denied. (0x5)
[0727/155619.085:ERROR:process_reader_win.cc(151)] SuspendThread: Access is denied. (0x5)
[0727/155619.028:ERROR:process_reader_win.cc(151)] SuspendThread: Access is denied. (0x5)
[0727/155619.115:ERROR:process_reader_win.cc(151)] SuspendThread: Access is denied. (0x5)
[0727/155619.115:ERROR:process_reader_win.cc(151)] SuspendThread: Access is denied. (0x5)
[0727/155619.115:ERROR:process_reader_win.cc(151)] SuspendThread: Access is denied. (0x5)
[0727/155619.115:ERROR:process_reader_win.cc(151)] SuspendThread: Access is denied. (0x5)
[0727/155619.115:ERROR:process_reader_win.cc(151)] SuspendThread: Access is denied. (0x5)
[0727/155619.115:ERROR:process_reader_win.cc(151)] SuspendThread: Access is denied. (0x5)
[0727/155619.115:ERROR:process_reader_win.cc(151)] SuspendThread: Access is denied. (0x5)
[0727/155619.115:ERROR:process_reader_win.cc(151)] SuspendThread: Access is denied. (0x5)
[0727/155619.115:ERROR:process_reader_win.cc(151)] SuspendThread: Access is denied. (0x5)
[0727/155619.115:ERROR:process_reader_win.cc(151)] SuspendThread: Access is denied. (0x5)
[0727/155619.115:ERROR:process_reader_win.cc(151)] SuspendThread: Access is denied. (0x5)
[0727/155619.115:ERROR:process_reader_win.cc(151)] SuspendThread: Access is denied. (0x5)
[0727/155619.115:ERROR:process_reader_win.cc(151)] SuspendThread: Access is denied. (0x5)
[0727/155619.115:ERROR:process_reader_win.cc(151)] SuspendThread: Access is denied. (0x5)
[0727/155619.115:ERROR:process_reader_win.cc(151)] SuspendThread: Access is denied. (0x5)
[0727/155619.115:ERROR:process_reader_win.cc(151)] SuspendThread: Access is denied. (0x5)
[0727/155618.899:ERROR:process_reader_win.cc(123)] NtOpenThread: {Access Denied} A process has requested access to an object, but has not been granted those access rights. (0xc0000022)
[0727/155619.116:ERROR:exception_snapshot_win.cc(98)] thread ID 4516 not found in process
[0727/155618.899:ERROR:process_reader_win.cc(123)] NtOpenThread: {Access Denied} A process has requested access to an object, but has not been granted those access rights. (0xc0000022)
[0727/155619.115:ERROR:process_reader_win.cc(123)] NtOpenThread: {Access Denied} A process has requested access to an object, but has not been granted those access rights. (0xc0000022)
[0727/155619.115:ERROR:process_reader_win.cc(123)] NtOpenThread: {Access Denied} A process has requested access to an object, but has not been granted those access rights. (0xc0000022)
[0727/155619.117:ERROR:exception_snapshot_win.cc(98)] thread ID 3864 not found in process
[0727/155619.117:ERROR:exception_snapshot_win.cc(98)] thread ID 4720 not found in process
[0727/155619.117:ERROR:exception_snapshot_win.cc(98)] thread ID 7148 not found in process
[0727/155619.291:ERROR:process_reader_win.cc(151)] SuspendThread: Access is denied. (0x5)
[0727/155619.291:ERROR:process_reader_win.cc(151)] SuspendThread: Access is denied. (0x5)
[0727/155619.291:ERROR:process_reader_win.cc(151)] SuspendThread: Access is denied. (0x5)
[0727/155619.291:ERROR:process_reader_win.cc(151)] SuspendThread: Access is denied. (0x5)
[0727/155619.291:ERROR:process_reader_win.cc(151)] SuspendThread: Access is denied. (0x5)
[0727/155619.291:ERROR:process_reader_win.cc(151)] SuspendThread: Access is denied. (0x5)
[0727/155619.291:ERROR:process_reader_win.cc(151)] SuspendThread: Access is denied. (0x5)
[0727/155619.291:ERROR:process_reader_win.cc(151)] SuspendThread: Access is denied. (0x5)
[0727/155619.291:ERROR:process_reader_win.cc(123)] NtOpenThread: {Access Denied} A process has requested access to an object, but has not been granted those access rights. (0xc0000022)
[0727/155619.291:ERROR:exception_snapshot_win.cc(98)] thread ID 3472 not found in process
[0727/155619.345:ERROR:process_reader_win.cc(151)] SuspendThread: Access is denied. (0x5)
[0727/155619.345:ERROR:process_reader_win.cc(151)] SuspendThread: Access is denied. (0x5)
[0727/155619.345:ERROR:process_reader_win.cc(151)] SuspendThread: Access is denied. (0x5)
[0727/155619.345:ERROR:process_reader_win.cc(151)] SuspendThread: Access is denied. (0x5)
[0727/155619.345:ERROR:process_reader_win.cc(151)] SuspendThread: Access is denied. (0x5)
[0727/155619.345:ERROR:process_reader_win.cc(151)] SuspendThread: Access is denied. (0x5)
[0727/155619.345:ERROR:process_reader_win.cc(151)] SuspendThread: Access is denied. (0x5)
[0727/155619.345:ERROR:process_reader_win.cc(151)] SuspendThread: Access is denied. (0x5)
[0727/155619.345:ERROR:process_reader_win.cc(151)] SuspendThread: Access is denied. (0x5)
[0727/155619.345:ERROR:process_reader_win.cc(123)] NtOpenThread: {Access Denied} A process has requested access to an object, but has not been granted those access rights. (0xc0000022)
[0727/155619.345:ERROR:exception_snapshot_win.cc(98)] thread ID 1256 not found in process
[0727/155619.396:ERROR:process_reader_win.cc(151)] SuspendThread: Access is denied. (0x5)
[0727/155619.396:ERROR:process_reader_win.cc(151)] SuspendThread: Access is denied. (0x5)
[0727/155619.396:ERROR:process_reader_win.cc(151)] SuspendThread: Access is denied. (0x5)
[0727/155619.396:ERROR:process_reader_win.cc(151)] SuspendThread: Access is denied. (0x5)
[0727/155619.396:ERROR:process_reader_win.cc(151)] SuspendThread: Access is denied. (0x5)
[0727/155619.396:ERROR:process_reader_win.cc(151)] SuspendThread: Access is denied. (0x5)
[0727/155619.396:ERROR:process_reader_win.cc(151)] SuspendThread: Access is denied. (0x5)
[0727/155619.396:ERROR:process_reader_win.cc(151)] SuspendThread: Access is denied. (0x5)
[0727/155619.396:ERROR:process_reader_win.cc(151)] SuspendThread: Access is denied. (0x5)
[0727/155619.396:ERROR:process_reader_win.cc(151)] SuspendThread: Access is denied. (0x5)
[0727/155619.396:ERROR:process_reader_win.cc(123)] NtOpenThread: {Access Denied} A process has requested access to an object, but has not been granted those access rights. (0xc0000022)
[0727/155619.396:ERROR:exception_snapshot_win.cc(98)] thread ID 7708 not found in process
[0727/155619.525:ERROR:process_reader_win.cc(151)] SuspendThread: Access is denied. (0x5)
[0727/155619.525:ERROR:process_reader_win.cc(151)] SuspendThread: Access is denied. (0x5)
[0727/155619.525:ERROR:process_reader_win.cc(151)] SuspendThread: Access is denied. (0x5)
[0727/155619.525:ERROR:process_reader_win.cc(151)] SuspendThread: Access is denied. (0x5)
[0727/155619.525:ERROR:process_reader_win.cc(151)] SuspendThread: Access is denied. (0x5)
[0727/155619.525:ERROR:process_reader_win.cc(151)] SuspendThread: Access is denied. (0x5)
[0727/155619.525:ERROR:process_reader_win.cc(151)] SuspendThread: Access is denied. (0x5)
[0727/155619.525:ERROR:process_reader_win.cc(151)] SuspendThread: Access is denied. (0x5)
[0727/155619.525:ERROR:process_reader_win.cc(151)] SuspendThread: Access is denied. (0x5)
[0727/155619.525:ERROR:process_reader_win.cc(151)] SuspendThread: Access is denied. (0x5)
[0727/155619.525:ERROR:process_reader_win.cc(123)] NtOpenThread: {Access Denied} A process has requested access to an object, but has not been granted those access rights. (0xc0000022)
[0727/155619.525:ERROR:exception_snapshot_win.cc(98)] thread ID 11024 not found in process
[0727/155619.577:ERROR:process_reader_win.cc(151)] SuspendThread: Access is denied. (0x5)
[0727/155619.577:ERROR:process_reader_win.cc(151)] SuspendThread: Access is denied. (0x5)
[0727/155619.577:ERROR:process_reader_win.cc(151)] SuspendThread: Access is denied. (0x5)
[0727/155619.577:ERROR:process_reader_win.cc(151)] SuspendThread: Access is denied. (0x5)
[0727/155619.577:ERROR:process_reader_win.cc(151)] SuspendThread: Access is denied. (0x5)
[0727/155619.577:ERROR:process_reader_win.cc(151)] SuspendThread: Access is denied. (0x5)
[0727/155619.577:ERROR:process_reader_win.cc(151)] SuspendThread: Access is denied. (0x5)
[0727/155619.577:ERROR:process_reader_win.cc(151)] SuspendThread: Access is denied. (0x5)
[0727/155619.577:ERROR:process_reader_win.cc(123)] NtOpenThread: {Access Denied} A process has requested access to an object, but has not been granted those access rights. (0xc0000022)
[0727/155619.577:ERROR:exception_snapshot_win.cc(98)] thread ID 9740 not found in process
[0727/155620.309:ERROR:process_reader_win.cc(123)] NtOpenThread: {Access Denied} A process has requested access to an object, but has not been granted those access rights. (0xc0000022)
[0727/155620.309:ERROR:exception_snapshot_win.cc(98)] thread ID 5640 not found in process
[0727/155620.418:ERROR:process_reader_win.cc(123)] NtOpenThread: {Access Denied} A process has requested access to an object, but has not been granted those access rights. (0xc0000022)
[0727/155620.418:ERROR:exception_snapshot_win.cc(98)] thread ID 10480 not found in process
[0727/155622.156:ERROR:process_reader_win.cc(123)] NtOpenThread: {Access Denied} A process has requested access to an object, but has not been granted those access rights. (0xc0000022)
[0727/155622.156:ERROR:exception_snapshot_win.cc(98)] thread ID 6872 not found in process
